<?xml version="1.0" encoding="UTF-8"?>
<!-- Generated by org.testng.reporters.JUnitReportReporter -->
<testsuite skipped="0" hostname="IN-PF2RS02D" name="com.letsKodeit.overview.AllcoursesTest" tests="3" failures="0" timestamp="26 Feb 2024 07:08:28 GMT" time="18.328" errors="0">
  <testcase name="verifySearchCourse" time="2.238" classname="com.letsKodeit.overview.AllcoursesTest"/>
  <testcase name="filterByCategory" time="13.484" classname="com.letsKodeit.overview.AllcoursesTest"/>
  <testcase name="verifySearchCourse" time="2.606" classname="com.letsKodeit.overview.AllcoursesTest"/>
</testsuite> <!-- com.letsKodeit.overview.AllcoursesTest -->
