<?xml version="1.0" encoding="UTF-8"?>
<!-- Generated by org.testng.reporters.JUnitReportReporter -->
<testsuite skipped="0" hostname="IN-PF2RS02D" name="com.letsKodeit.overview.LoginTests" tests="1" failures="0" timestamp="26 Feb 2024 07:08:28 GMT" time="8.751" errors="0">
  <testcase name="testlogin" time="8.751" classname="com.letsKodeit.overview.LoginTests"/>
</testsuite> <!-- com.letsKodeit.overview.LoginTests -->
